2018-06-11 09:49:33,109  INFO SqlControll:35 - 查询数据库总数为:70
2018-06-11 09:59:10,829  INFO SqlControll:35 - 查询数据库总数为:70
2018-06-11 10:55:19,238  INFO SqlControll:35 - 查询数据库总数为:70
2018-06-11 11:01:32,152  INFO SqlControll:35 - 查询数据库总数为:70
2018-06-11 11:02:03,871  INFO SqlControll:35 - 查询数据库总数为:70
2018-06-11 11:02:49,636  INFO SqlControll:35 - 查询数据库总数为:70
2018-06-11 11:03:04,601  INFO SqlControll:35 - 查询数据库总数为:70
2018-06-11 11:03:25,031  INFO SqlControll:35 - 查询数据库总数为:70
2018-06-11 11:03:28,192  INFO SqlControll:35 - 查询数据库总数为:70
2018-06-11 11:04:05,226  INFO SqlControll:35 - 查询数据库总数为:70
2018-06-11 11:04:21,295  INFO SqlControll:35 - 查询数据库总数为:70
2018-06-11 11:04:26,289  INFO SqlControll:35 - 查询数据库总数为:70
2018-06-11 11:07:32,614  INFO SqlControll:35 - 查询数据库总数为:70
2018-06-11 11:07:35,008  INFO SqlControll:35 - 查询数据库总数为:70
2018-06-11 11:08:03,570  INFO SqlControll:35 - 查询数据库总数为:70
2018-06-11 11:08:04,789  INFO SqlControll:35 - 查询数据库总数为:70
2018-06-11 11:08:21,869  INFO SqlControll:35 - 查询数据库总数为:70
2018-06-11 11:08:23,306  INFO SqlControll:35 - 查询数据库总数为:70
2018-06-11 11:11:38,293  INFO SqlControll:35 - 查询数据库总数为:70
2018-06-11 11:11:38,348  INFO SqlControll:35 - 查询数据库总数为:70
2018-06-11 11:11:40,448  INFO SqlControll:35 - 查询数据库总数为:70
2018-06-11 11:30:00,002  INFO SqlControll:35 - 查询数据库总数为:70
2018-06-11 11:30:00,601  INFO SqlControll:35 - 查询数据库总数为:70
2018-06-11 13:59:45,949  INFO SqlControll:35 - 查询数据库总数为:70
2018-06-11 13:59:47,755  INFO SqlControll:35 - 查询数据库总数为:70
2018-06-11 14:00:56,382  INFO SqlControll:35 - 查询数据库总数为:70
2018-06-11 14:01:32,256  INFO SqlControll:35 - 查询数据库总数为:70
2018-06-11 14:01:39,119  INFO SqlControll:35 - 查询数据库总数为:70
2018-06-11 14:04:20,563  INFO SqlControll:35 - 查询数据库总数为:70
2018-06-11 14:04:21,863  INFO SqlControll:35 - 查询数据库总数为:70
2018-06-11 14:04:23,872  INFO SqlControll:35 - 查询数据库总数为:70
2018-06-11 14:05:59,596  INFO SqlControll:35 - 查询数据库总数为:70
2018-06-11 14:06:04,798  INFO SqlControll:35 - 查询数据库总数为:70
2018-06-11 14:08:21,305  INFO SqlControll:35 - 查询数据库总数为:70
2018-06-11 14:08:35,344  INFO SqlControll:35 - 查询数据库总数为:70
2018-06-11 14:08:59,802  INFO SqlControll:35 - 查询数据库总数为:70
2018-06-11 14:10:17,595  INFO SqlControll:35 - 查询数据库总数为:70
2018-06-11 14:10:19,747  INFO SqlControll:35 - 查询数据库总数为:70
2018-06-11 14:10:44,116  INFO SqlControll:35 - 查询数据库总数为:70
2018-06-11 14:10:45,751  INFO SqlControll:35 - 查询数据库总数为:70
2018-06-11 14:10:49,585  INFO SqlControll:35 - 查询数据库总数为:70
2018-06-11 14:11:04,346  INFO SqlControll:35 - 查询数据库总数为:70
2018-06-11 14:11:14,281  INFO SqlControll:35 - 查询数据库总数为:70
2018-06-11 14:12:42,491  INFO SqlControll:35 - 查询数据库总数为:70
2018-06-11 14:12:50,477  INFO SqlControll:35 - 查询数据库总数为:70
2018-06-11 14:13:05,372  INFO SqlControll:35 - 查询数据库总数为:70
2018-06-11 14:14:19,757  INFO SqlControll:35 - 查询数据库总数为:70
2018-06-11 14:16:07,195  INFO SqlControll:35 - 查询数据库总数为:70
2018-06-11 14:16:21,687  INFO SqlControll:35 - 查询数据库总数为:70
2018-06-11 14:16:21,694  INFO SqlControll:35 - 查询数据库总数为:70
2018-06-11 14:16:54,480  INFO SqlControll:35 - 查询数据库总数为:70
2018-06-11 14:16:54,491  INFO SqlControll:35 - 查询数据库总数为:70
2018-06-11 14:22:23,132  INFO SqlControll:35 - 查询数据库总数为:70
2018-06-11 14:22:23,141  INFO SqlControll:35 - 查询数据库总数为:70
2018-06-11 14:26:25,477  INFO SqlControll:35 - 查询数据库总数为:70
2018-06-11 14:26:26,888  INFO SqlControll:35 - 查询数据库总数为:70
2018-06-11 14:26:29,008  INFO SqlControll:35 - 查询数据库总数为:70
2018-06-11 14:26:34,867  INFO SqlControll:35 - 查询数据库总数为:70
2018-06-11 14:26:55,489  INFO SqlControll:35 - 查询数据库总数为:70
2018-06-11 14:26:55,494  INFO SqlControll:35 - 查询数据库总数为:70
2018-06-11 14:27:00,569  INFO SqlControll:35 - 查询数据库总数为:70
2018-06-11 14:27:01,930  INFO SqlControll:35 - 查询数据库总数为:70
2018-06-11 14:27:05,794  INFO SqlControll:35 - 查询数据库总数为:70
2018-06-11 14:27:07,627  INFO SqlControll:35 - 查询数据库总数为:70
2018-06-11 14:27:09,321  INFO SqlControll:35 - 查询数据库总数为:70
2018-06-11 14:27:11,491  INFO SqlControll:35 - 查询数据库总数为:70
2018-06-11 14:28:22,722  INFO SqlControll:35 - 查询数据库总数为:70
2018-06-11 14:28:22,794  INFO SqlControll:35 - 查询数据库总数为:70
2018-06-11 14:28:25,951  INFO SqlControll:35 - 查询数据库总数为:70
2018-06-11 14:28:40,529  INFO SqlControll:35 - 查询数据库总数为:70
2018-06-11 14:28:48,992  INFO SqlControll:35 - 查询数据库总数为:70
2018-06-11 14:28:52,876  INFO SqlControll:35 - 查询数据库总数为:70
2018-06-11 14:28:56,603  INFO SqlControll:35 - 查询数据库总数为:70
2018-06-11 14:28:58,929  INFO SqlControll:35 - 查询数据库总数为:70
2018-06-11 14:30:35,301  INFO SqlControll:35 - 查询数据库总数为:70
2018-06-11 14:30:35,306  INFO SqlControll:35 - 查询数据库总数为:70
2018-06-11 14:31:01,229  INFO SqlControll:35 - 查询数据库总数为:70
2018-06-11 14:31:07,343  INFO SqlControll:35 - 查询数据库总数为:70
2018-06-11 14:31:09,849  INFO SqlControll:35 - 查询数据库总数为:70
2018-06-11 14:31:12,703  INFO SqlControll:35 - 查询数据库总数为:70
2018-06-11 14:31:15,333  INFO SqlControll:35 - 查询数据库总数为:70
2018-06-11 14:31:17,228  INFO SqlControll:35 - 查询数据库总数为:70
2018-06-11 14:46:09,501  INFO SqlControll:35 - 查询数据库总数为:70
2018-06-11 15:03:42,057  INFO SqlControll:39 - 模糊查询结果为:{"code":200,"data":[{"id":10002,"sqlconninfo":"jdbc:mysql://10.246.71.28:4306/yanxuan_smartipc","sqlmode":"mysql","sqlpassword":"yanxuan_smartipc","sqlusername":"yanxuan_smartipc"},{"id":10008,"sqlconninfo":"jdbc:mysql://10.246.71.28:4306/yanxuan_smartipc","sqlmode":"mysql","sqlpassword":"yanxuan_smartipc","sqlusername":"yanxuan_smartipc"}],"count":1}
2018-06-11 15:03:50,819  INFO SqlControll:47 - 查询数据库总数为:70
2018-06-11 15:10:04,708  INFO SqlControll:47 - 查询数据库总数为:70
2018-06-11 15:10:04,719  INFO SqlControll:47 - 查询数据库总数为:70
2018-06-11 15:10:11,222  INFO SqlControll:39 - 模糊查询结果为:{"code":200,"data":[{"id":10002,"sqlconninfo":"jdbc:mysql://10.246.71.28:4306/yanxuan_smartipc","sqlmode":"mysql","sqlpassword":"yanxuan_smartipc","sqlusername":"yanxuan_smartipc"},{"id":10008,"sqlconninfo":"jdbc:mysql://10.246.71.28:4306/yanxuan_smartipc","sqlmode":"mysql","sqlpassword":"yanxuan_smartipc","sqlusername":"yanxuan_smartipc"}],"count":1}
2018-06-11 15:11:24,581  INFO SqlControll:47 - 查询数据库总数为:70
2018-06-11 15:14:03,744  INFO SqlControll:47 - 查询数据库总数为:70
2018-06-11 15:14:11,672  INFO SqlControll:39 - 模糊查询结果为:{"code":200,"data":[{"id":10002,"sqlconninfo":"jdbc:mysql://10.246.71.28:4306/yanxuan_smartipc","sqlmode":"mysql","sqlpassword":"yanxuan_smartipc","sqlusername":"yanxuan_smartipc"},{"id":10008,"sqlconninfo":"jdbc:mysql://10.246.71.28:4306/yanxuan_smartipc","sqlmode":"mysql","sqlpassword":"yanxuan_smartipc","sqlusername":"yanxuan_smartipc"}],"count":1}
2018-06-11 15:14:44,202  INFO SqlControll:47 - 查询数据库总数为:70
2018-06-11 15:14:44,215  INFO SqlControll:47 - 查询数据库总数为:70
2018-06-11 15:14:49,000  INFO SqlControll:39 - 模糊查询结果为:{"code":200,"data":[{"id":10002,"sqlconninfo":"jdbc:mysql://10.246.71.28:4306/yanxuan_smartipc","sqlmode":"mysql","sqlpassword":"yanxuan_smartipc","sqlusername":"yanxuan_smartipc"},{"id":10008,"sqlconninfo":"jdbc:mysql://10.246.71.28:4306/yanxuan_smartipc","sqlmode":"mysql","sqlpassword":"yanxuan_smartipc","sqlusername":"yanxuan_smartipc"}],"count":1}
2018-06-11 15:15:20,332  INFO SqlControll:47 - 查询数据库总数为:70
2018-06-11 15:15:20,344  INFO SqlControll:47 - 查询数据库总数为:70
2018-06-11 15:15:24,781  INFO SqlControll:47 - 查询数据库总数为:70
2018-06-11 15:15:24,797  INFO SqlControll:47 - 查询数据库总数为:70
2018-06-11 15:15:30,516  INFO SqlControll:39 - 模糊查询结果为:{"code":200,"data":[{"id":10002,"sqlconninfo":"jdbc:mysql://10.246.71.28:4306/yanxuan_smartipc","sqlmode":"mysql","sqlpassword":"yanxuan_smartipc","sqlusername":"yanxuan_smartipc"},{"id":10008,"sqlconninfo":"jdbc:mysql://10.246.71.28:4306/yanxuan_smartipc","sqlmode":"mysql","sqlpassword":"yanxuan_smartipc","sqlusername":"yanxuan_smartipc"}],"count":1}
2018-06-11 15:15:55,961  INFO SqlControll:39 - 模糊查询结果为:{"code":200,"data":[{"id":10002,"sqlconninfo":"jdbc:mysql://10.246.71.28:4306/yanxuan_smartipc","sqlmode":"mysql","sqlpassword":"yanxuan_smartipc","sqlusername":"yanxuan_smartipc"},{"id":10008,"sqlconninfo":"jdbc:mysql://10.246.71.28:4306/yanxuan_smartipc","sqlmode":"mysql","sqlpassword":"yanxuan_smartipc","sqlusername":"yanxuan_smartipc"}],"count":1}
2018-06-11 15:16:07,565  INFO SqlControll:39 - 模糊查询结果为:{"code":200,"data":[{"id":10002,"sqlconninfo":"jdbc:mysql://10.246.71.28:4306/yanxuan_smartipc","sqlmode":"mysql","sqlpassword":"yanxuan_smartipc","sqlusername":"yanxuan_smartipc"},{"id":10008,"sqlconninfo":"jdbc:mysql://10.246.71.28:4306/yanxuan_smartipc","sqlmode":"mysql","sqlpassword":"yanxuan_smartipc","sqlusername":"yanxuan_smartipc"}],"count":1}
2018-06-11 15:16:10,257  INFO SqlControll:47 - 查询数据库总数为:70
2018-06-11 15:16:10,267  INFO SqlControll:47 - 查询数据库总数为:70
2018-06-11 15:16:14,015  INFO SqlControll:39 - 模糊查询结果为:{"code":200,"data":[{"id":1000,"sqlconninfo":"test","sqlmode":"mysql","sqlpassword":"test","sqlusername":"test"},{"id":10001,"sqlconninfo":"test","sqlmode":"test","sqlpassword":"test","sqlusername":"test"},{"id":10009,"sqlconninfo":"test","sqlmode":"test","sqlpassword":"test","sqlusername":"test"},{"id":10010,"sqlconninfo":"test","sqlmode":"test","sqlpassword":"test","sqlusername":"test"},{"id":10011,"sqlconninfo":"test","sqlmode":"test","sqlpassword":"test","sqlusername":"test"},{"id":10012,"sqlconninfo":"test","sqlmode":"test","sqlpassword":"test","sqlusername":"test"},{"id":10013,"sqlconninfo":"test","sqlmode":"test","sqlpassword":"test","sqlusername":"test"},{"id":10014,"sqlconninfo":"test","sqlmode":"test","sqlpassword":"test","sqlusername":"test"},{"id":10015,"sqlconninfo":"test","sqlmode":"test","sqlpassword":"test","sqlusername":"test"},{"id":10016,"sqlconninfo":"test","sqlmode":"test","sqlpassword":"test","sqlusername":"test"},{"id":10017,"sqlconninfo":"test","sqlmode":"test","sqlpassword":"test","sqlusername":"test"},{"id":10018,"sqlconninfo":"test","sqlmode":"test","sqlpassword":"test","sqlusername":"test"},{"id":10019,"sqlconninfo":"test","sqlmode":"test","sqlpassword":"test","sqlusername":"test"},{"id":10020,"sqlconninfo":"test","sqlmode":"test","sqlpassword":"test","sqlusername":"test"},{"id":10021,"sqlconninfo":"test","sqlmode":"test","sqlpassword":"test","sqlusername":"test"},{"id":10022,"sqlconninfo":"test","sqlmode":"test","sqlpassword":"test","sqlusername":"test"},{"id":10023,"sqlconninfo":"test","sqlmode":"test","sqlpassword":"test","sqlusername":"test"},{"id":10024,"sqlconninfo":"test","sqlmode":"test","sqlpassword":"test","sqlusername":"test"},{"id":10025,"sqlconninfo":"test","sqlmode":"test","sqlpassword":"test","sqlusername":"test"},{"id":10026,"sqlconninfo":"test","sqlmode":"test","sqlpassword":"test","sqlusername":"test"},{"id":10027,"sqlconninfo":"test","sqlmode":"test","sqlpassword":"test","sqlusername":"test"},{"id":10028,"sqlconninfo":"test","sqlmode":"test","sqlpassword":"test","sqlusername":"test"},{"id":10029,"sqlconninfo":"test","sqlmode":"test","sqlpassword":"test","sqlusername":"test"},{"id":10030,"sqlconninfo":"test","sqlmode":"test","sqlpassword":"test","sqlusername":"test"},{"id":10031,"sqlconninfo":"test","sqlmode":"test","sqlpassword":"test","sqlusername":"test"},{"id":10032,"sqlconninfo":"test","sqlmode":"test","sqlpassword":"test","sqlusername":"test"},{"id":10033,"sqlconninfo":"test","sqlmode":"test","sqlpassword":"test","sqlusername":"test"},{"id":10034,"sqlconninfo":"test","sqlmode":"test","sqlpassword":"test","sqlusername":"test"},{"id":10035,"sqlconninfo":"test","sqlmode":"test","sqlpassword":"test","sqlusername":"test"},{"id":10036,"sqlconninfo":"test","sqlmode":"test","sqlpassword":"test","sqlusername":"test"},{"id":10037,"sqlconninfo":"test","sqlmode":"test","sqlpassword":"test","sqlusername":"test"},{"id":10038,"sqlconninfo":"test","sqlmode":"test","sqlpassword":"test","sqlusername":"test"},{"id":10039,"sqlconninfo":"test","sqlmode":"test","sqlpassword":"test","sqlusername":"test"},{"id":10040,"sqlconninfo":"test","sqlmode":"test","sqlpassword":"test","sqlusername":"test"},{"id":10041,"sqlconninfo":"test","sqlmode":"test","sqlpassword":"test","sqlusername":"test"},{"id":10042,"sqlconninfo":"test","sqlmode":"test","sqlpassword":"test","sqlusername":"test"},{"id":10043,"sqlconninfo":"test","sqlmode":"test","sqlpassword":"test","sqlusername":"test"},{"id":10044,"sqlconninfo":"test","sqlmode":"test","sqlpassword":"test","sqlusername":"test"},{"id":10045,"sqlconninfo":"test","sqlmode":"test","sqlpassword":"test","sqlusername":"test"},{"id":10046,"sqlconninfo":"test","sqlmode":"test","sqlpassword":"test","sqlusername":"test"},{"id":10047,"sqlconninfo":"test","sqlmode":"test","sqlpassword":"test","sqlusername":"test"},{"id":10048,"sqlconninfo":"test","sqlmode":"test","sqlpassword":"test","sqlusername":"test"},{"id":10049,"sqlconninfo":"test","sqlmode":"test","sqlpassword":"test","sqlusername":"test"},{"id":10050,"sqlconninfo":"test","sqlmode":"test","sqlpassword":"test","sqlusername":"test"},{"id":10051,"sqlconninfo":"test","sqlmode":"test","sqlpassword":"test","sqlusername":"test"},{"id":10052,"sqlconninfo":"test","sqlmode":"test","sqlpassword":"test","sqlusername":"test"},{"id":10053,"sqlconninfo":"test","sqlmode":"test","sqlpassword":"test","sqlusername":"test"},{"id":10054,"sqlconninfo":"test","sqlmode":"test","sqlpassword":"test","sqlusername":"test"},{"id":10055,"sqlconninfo":"test","sqlmode":"test","sqlpassword":"test","sqlusername":"test"},{"id":10056,"sqlconninfo":"test","sqlmode":"test","sqlpassword":"test","sqlusername":"test"},{"id":10057,"sqlconninfo":"test","sqlmode":"test","sqlpassword":"test","sqlusername":"test"},{"id":10058,"sqlconninfo":"test","sqlmode":"test","sqlpassword":"test","sqlusername":"test"},{"id":10059,"sqlconninfo":"test","sqlmode":"test","sqlpassword":"test","sqlusername":"test"},{"id":10060,"sqlconninfo":"test","sqlmode":"test","sqlpassword":"test","sqlusername":"test"},{"id":10061,"sqlconninfo":"test","sqlmode":"test","sqlpassword":"test","sqlusername":"test"},{"id":10062,"sqlconninfo":"test","sqlmode":"test","sqlpassword":"test","sqlusername":"test"},{"id":10063,"sqlconninfo":"test","sqlmode":"test","sqlpassword":"test","sqlusername":"test"},{"id":10064,"sqlconninfo":"test","sqlmode":"test","sqlpassword":"test","sqlusername":"test"},{"id":10065,"sqlconninfo":"test","sqlmode":"test","sqlpassword":"test","sqlusername":"test"},{"id":10066,"sqlconninfo":"test","sqlmode":"test","sqlpassword":"test","sqlusername":"test"},{"id":10067,"sqlconninfo":"test","sqlmode":"test","sqlpassword":"test","sqlusername":"test"},{"id":10068,"sqlconninfo":"test","sqlmode":"test","sqlpassword":"test","sqlusername":"test"},{"id":10069,"sqlconninfo":"test","sqlmode":"test","sqlpassword":"test","sqlusername":"test"},{"id":10070,"sqlconninfo":"test","sqlmode":"test","sqlpassword":"test","sqlusername":"test"},{"id":10071,"sqlconninfo":"test","sqlmode":"test","sqlpassword":"test","sqlusername":"test"},{"id":10072,"sqlconninfo":"test","sqlmode":"test","sqlpassword":"test","sqlusername":"test"},{"id":10073,"sqlconninfo":"test","sqlmode":"test","sqlpassword":"test","sqlusername":"test"},{"id":10074,"sqlconninfo":"test","sqlmode":"test","sqlpassword":"test","sqlusername":"test"}],"count":1}
2018-06-11 15:17:08,654  INFO SqlControll:39 - 模糊查询结果为:{"code":200,"data":[{"id":1000,"sqlconninfo":"test","sqlmode":"mysql","sqlpassword":"test","sqlusername":"test"},{"id":10001,"sqlconninfo":"test","sqlmode":"test","sqlpassword":"test","sqlusername":"test"},{"id":10009,"sqlconninfo":"test","sqlmode":"test","sqlpassword":"test","sqlusername":"test"},{"id":10010,"sqlconninfo":"test","sqlmode":"test","sqlpassword":"test","sqlusername":"test"},{"id":10011,"sqlconninfo":"test","sqlmode":"test","sqlpassword":"test","sqlusername":"test"},{"id":10012,"sqlconninfo":"test","sqlmode":"test","sqlpassword":"test","sqlusername":"test"},{"id":10013,"sqlconninfo":"test","sqlmode":"test","sqlpassword":"test","sqlusername":"test"},{"id":10014,"sqlconninfo":"test","sqlmode":"test","sqlpassword":"test","sqlusername":"test"},{"id":10015,"sqlconninfo":"test","sqlmode":"test","sqlpassword":"test","sqlusername":"test"},{"id":10016,"sqlconninfo":"test","sqlmode":"test","sqlpassword":"test","sqlusername":"test"},{"id":10017,"sqlconninfo":"test","sqlmode":"test","sqlpassword":"test","sqlusername":"test"},{"id":10018,"sqlconninfo":"test","sqlmode":"test","sqlpassword":"test","sqlusername":"test"},{"id":10019,"sqlconninfo":"test","sqlmode":"test","sqlpassword":"test","sqlusername":"test"},{"id":10020,"sqlconninfo":"test","sqlmode":"test","sqlpassword":"test","sqlusername":"test"},{"id":10021,"sqlconninfo":"test","sqlmode":"test","sqlpassword":"test","sqlusername":"test"},{"id":10022,"sqlconninfo":"test","sqlmode":"test","sqlpassword":"test","sqlusername":"test"},{"id":10023,"sqlconninfo":"test","sqlmode":"test","sqlpassword":"test","sqlusername":"test"},{"id":10024,"sqlconninfo":"test","sqlmode":"test","sqlpassword":"test","sqlusername":"test"},{"id":10025,"sqlconninfo":"test","sqlmode":"test","sqlpassword":"test","sqlusername":"test"},{"id":10026,"sqlconninfo":"test","sqlmode":"test","sqlpassword":"test","sqlusername":"test"},{"id":10027,"sqlconninfo":"test","sqlmode":"test","sqlpassword":"test","sqlusername":"test"},{"id":10028,"sqlconninfo":"test","sqlmode":"test","sqlpassword":"test","sqlusername":"test"},{"id":10029,"sqlconninfo":"test","sqlmode":"test","sqlpassword":"test","sqlusername":"test"},{"id":10030,"sqlconninfo":"test","sqlmode":"test","sqlpassword":"test","sqlusername":"test"},{"id":10031,"sqlconninfo":"test","sqlmode":"test","sqlpassword":"test","sqlusername":"test"},{"id":10032,"sqlconninfo":"test","sqlmode":"test","sqlpassword":"test","sqlusername":"test"},{"id":10033,"sqlconninfo":"test","sqlmode":"test","sqlpassword":"test","sqlusername":"test"},{"id":10034,"sqlconninfo":"test","sqlmode":"test","sqlpassword":"test","sqlusername":"test"},{"id":10035,"sqlconninfo":"test","sqlmode":"test","sqlpassword":"test","sqlusername":"test"},{"id":10036,"sqlconninfo":"test","sqlmode":"test","sqlpassword":"test","sqlusername":"test"},{"id":10037,"sqlconninfo":"test","sqlmode":"test","sqlpassword":"test","sqlusername":"test"},{"id":10038,"sqlconninfo":"test","sqlmode":"test","sqlpassword":"test","sqlusername":"test"},{"id":10039,"sqlconninfo":"test","sqlmode":"test","sqlpassword":"test","sqlusername":"test"},{"id":10040,"sqlconninfo":"test","sqlmode":"test","sqlpassword":"test","sqlusername":"test"},{"id":10041,"sqlconninfo":"test","sqlmode":"test","sqlpassword":"test","sqlusername":"test"},{"id":10042,"sqlconninfo":"test","sqlmode":"test","sqlpassword":"test","sqlusername":"test"},{"id":10043,"sqlconninfo":"test","sqlmode":"test","sqlpassword":"test","sqlusername":"test"},{"id":10044,"sqlconninfo":"test","sqlmode":"test","sqlpassword":"test","sqlusername":"test"},{"id":10045,"sqlconninfo":"test","sqlmode":"test","sqlpassword":"test","sqlusername":"test"},{"id":10046,"sqlconninfo":"test","sqlmode":"test","sqlpassword":"test","sqlusername":"test"},{"id":10047,"sqlconninfo":"test","sqlmode":"test","sqlpassword":"test","sqlusername":"test"},{"id":10048,"sqlconninfo":"test","sqlmode":"test","sqlpassword":"test","sqlusername":"test"},{"id":10049,"sqlconninfo":"test","sqlmode":"test","sqlpassword":"test","sqlusername":"test"},{"id":10050,"sqlconninfo":"test","sqlmode":"test","sqlpassword":"test","sqlusername":"test"},{"id":10051,"sqlconninfo":"test","sqlmode":"test","sqlpassword":"test","sqlusername":"test"},{"id":10052,"sqlconninfo":"test","sqlmode":"test","sqlpassword":"test","sqlusername":"test"},{"id":10053,"sqlconninfo":"test","sqlmode":"test","sqlpassword":"test","sqlusername":"test"},{"id":10054,"sqlconninfo":"test","sqlmode":"test","sqlpassword":"test","sqlusername":"test"},{"id":10055,"sqlconninfo":"test","sqlmode":"test","sqlpassword":"test","sqlusername":"test"},{"id":10056,"sqlconninfo":"test","sqlmode":"test","sqlpassword":"test","sqlusername":"test"},{"id":10057,"sqlconninfo":"test","sqlmode":"test","sqlpassword":"test","sqlusername":"test"},{"id":10058,"sqlconninfo":"test","sqlmode":"test","sqlpassword":"test","sqlusername":"test"},{"id":10059,"sqlconninfo":"test","sqlmode":"test","sqlpassword":"test","sqlusername":"test"},{"id":10060,"sqlconninfo":"test","sqlmode":"test","sqlpassword":"test","sqlusername":"test"},{"id":10061,"sqlconninfo":"test","sqlmode":"test","sqlpassword":"test","sqlusername":"test"},{"id":10062,"sqlconninfo":"test","sqlmode":"test","sqlpassword":"test","sqlusername":"test"},{"id":10063,"sqlconninfo":"test","sqlmode":"test","sqlpassword":"test","sqlusername":"test"},{"id":10064,"sqlconninfo":"test","sqlmode":"test","sqlpassword":"test","sqlusername":"test"},{"id":10065,"sqlconninfo":"test","sqlmode":"test","sqlpassword":"test","sqlusername":"test"},{"id":10066,"sqlconninfo":"test","sqlmode":"test","sqlpassword":"test","sqlusername":"test"},{"id":10067,"sqlconninfo":"test","sqlmode":"test","sqlpassword":"test","sqlusername":"test"},{"id":10068,"sqlconninfo":"test","sqlmode":"test","sqlpassword":"test","sqlusername":"test"},{"id":10069,"sqlconninfo":"test","sqlmode":"test","sqlpassword":"test","sqlusername":"test"},{"id":10070,"sqlconninfo":"test","sqlmode":"test","sqlpassword":"test","sqlusername":"test"},{"id":10071,"sqlconninfo":"test","sqlmode":"test","sqlpassword":"test","sqlusername":"test"},{"id":10072,"sqlconninfo":"test","sqlmode":"test","sqlpassword":"test","sqlusername":"test"},{"id":10073,"sqlconninfo":"test","sqlmode":"test","sqlpassword":"test","sqlusername":"test"},{"id":10074,"sqlconninfo":"test","sqlmode":"test","sqlpassword":"test","sqlusername":"test"}],"count":1}
2018-06-11 15:17:32,054  INFO SqlControll:47 - 查询数据库总数为:70
2018-06-11 15:18:24,538  INFO SqlControll:47 - 查询数据库总数为:70
2018-06-11 15:18:24,557  INFO SqlControll:47 - 查询数据库总数为:70
2018-06-11 15:18:25,649  INFO SqlControll:47 - 查询数据库总数为:70
2018-06-11 15:18:31,035  INFO SqlControll:39 - 模糊查询结果为:{"code":200,"data":[{"id":10002,"sqlconninfo":"jdbc:mysql://10.246.71.28:4306/yanxuan_smartipc","sqlmode":"mysql","sqlpassword":"yanxuan_smartipc","sqlusername":"yanxuan_smartipc"},{"id":10008,"sqlconninfo":"jdbc:mysql://10.246.71.28:4306/yanxuan_smartipc","sqlmode":"mysql","sqlpassword":"yanxuan_smartipc","sqlusername":"yanxuan_smartipc"}],"count":1}
2018-06-11 15:18:46,667  INFO SqlControll:39 - 模糊查询结果为:{"code":200,"data":[{"id":10002,"sqlconninfo":"jdbc:mysql://10.246.71.28:4306/yanxuan_smartipc","sqlmode":"mysql","sqlpassword":"yanxuan_smartipc","sqlusername":"yanxuan_smartipc"},{"id":10008,"sqlconninfo":"jdbc:mysql://10.246.71.28:4306/yanxuan_smartipc","sqlmode":"mysql","sqlpassword":"yanxuan_smartipc","sqlusername":"yanxuan_smartipc"}],"count":1}
2018-06-11 15:18:49,388  INFO SqlControll:47 - 查询数据库总数为:70
2018-06-11 15:18:49,400  INFO SqlControll:47 - 查询数据库总数为:70
2018-06-11 15:18:55,862  INFO SqlControll:39 - 模糊查询结果为:{"code":200,"data":[{"id":10002,"sqlconninfo":"jdbc:mysql://10.246.71.28:4306/yanxuan_smartipc","sqlmode":"mysql","sqlpassword":"yanxuan_smartipc","sqlusername":"yanxuan_smartipc"},{"id":10008,"sqlconninfo":"jdbc:mysql://10.246.71.28:4306/yanxuan_smartipc","sqlmode":"mysql","sqlpassword":"yanxuan_smartipc","sqlusername":"yanxuan_smartipc"}],"count":1}
2018-06-11 15:20:17,412  INFO SqlControll:47 - 查询数据库总数为:70
2018-06-11 15:20:17,419  INFO SqlControll:47 - 查询数据库总数为:70
2018-06-11 15:20:49,813  INFO SqlControll:47 - 查询数据库总数为:70
2018-06-11 15:20:51,104  INFO SqlControll:47 - 查询数据库总数为:70
2018-06-11 15:20:52,752  INFO SqlControll:47 - 查询数据库总数为:70
2018-06-11 15:21:08,218  INFO SqlControll:47 - 查询数据库总数为:70
2018-06-11 15:21:39,685  INFO SqlControll:47 - 查询数据库总数为:70
2018-06-11 15:21:39,693  INFO SqlControll:47 - 查询数据库总数为:70
2018-06-11 15:21:42,891  INFO SqlControll:47 - 查询数据库总数为:70
2018-06-11 15:21:46,123  INFO SqlControll:47 - 查询数据库总数为:70
2018-06-11 15:21:50,755  INFO SqlControll:39 - 模糊查询结果为:{"code":200,"data":[{"id":10002,"sqlconninfo":"jdbc:mysql://10.246.71.28:4306/yanxuan_smartipc","sqlmode":"mysql","sqlpassword":"yanxuan_smartipc","sqlusername":"yanxuan_smartipc"},{"id":10008,"sqlconninfo":"jdbc:mysql://10.246.71.28:4306/yanxuan_smartipc","sqlmode":"mysql","sqlpassword":"yanxuan_smartipc","sqlusername":"yanxuan_smartipc"}],"count":1}
2018-06-11 15:24:25,233  INFO SqlControll:47 - 查询数据库总数为:70
2018-06-11 15:24:25,241  INFO SqlControll:47 - 查询数据库总数为:70
2018-06-11 15:24:26,618  INFO SqlControll:47 - 查询数据库总数为:70
2018-06-11 15:24:30,824  INFO SqlControll:39 - 模糊查询结果为:{"code":200,"data":[{"id":10002,"sqlconninfo":"jdbc:mysql://10.246.71.28:4306/yanxuan_smartipc","sqlmode":"mysql","sqlpassword":"yanxuan_smartipc","sqlusername":"yanxuan_smartipc"},{"id":10008,"sqlconninfo":"jdbc:mysql://10.246.71.28:4306/yanxuan_smartipc","sqlmode":"mysql","sqlpassword":"yanxuan_smartipc","sqlusername":"yanxuan_smartipc"}],"count":1}
2018-06-11 15:24:35,686  INFO SqlControll:47 - 查询数据库总数为:70
2018-06-11 15:24:35,694  INFO SqlControll:47 - 查询数据库总数为:70
2018-06-11 15:39:12,898  INFO GetSqlInfo:79 - 输入参数为id=1000000,更新sql=test
2018-06-11 15:39:30,068  INFO GetSqlInfo:79 - 输入参数为id=1000,更新sql=test
2018-06-11 15:39:30,075  INFO GetSqlInfo:81 - 查询结果为:SqlInfoBean = [id = 1000,sqlmode = mysql,sqlconninfo = test,sqlusername = test,sqlpassword = test]
2018-06-11 15:39:30,079 ERROR PublicMethod:24 - java.sql.SQLException: No suitable driver found for test
	at java.sql.DriverManager.getConnection(DriverManager.java:689)
	at java.sql.DriverManager.getConnection(DriverManager.java:247)
	at com.lynhaw.g4test.controller.GetSqlInfo.updateSqlIfo(GetSqlInfo.java:88)
	at sun.reflect.NativeMethodAccessorImpl.invoke0(Native Method)
	at sun.reflect.NativeMethodAccessorImpl.invoke(NativeMethodAccessorImpl.java:62)
	at sun.reflect.DelegatingMethodAccessorImpl.invoke(DelegatingMethodAccessorImpl.java:43)
	at java.lang.reflect.Method.invoke(Method.java:498)
	at org.springframework.web.method.support.InvocableHandlerMethod.doInvoke(InvocableHandlerMethod.java:209)
	at org.springframework.web.method.support.InvocableHandlerMethod.invokeForRequest(InvocableHandlerMethod.java:136)
	at org.springframework.web.servlet.mvc.method.annotation.ServletInvocableHandlerMethod.invokeAndHandle(ServletInvocableHandlerMethod.java:102)
	at org.springframework.web.servlet.mvc.method.annotation.RequestMappingHandlerAdapter.invokeHandlerMethod(RequestMappingHandlerAdapter.java:877)
	at org.springframework.web.servlet.mvc.method.annotation.RequestMappingHandlerAdapter.handleInternal(RequestMappingHandlerAdapter.java:783)
	at org.springframework.web.servlet.mvc.method.AbstractHandlerMethodAdapter.handle(AbstractHandlerMethodAdapter.java:87)
	at org.springframework.web.servlet.DispatcherServlet.doDispatch(DispatcherServlet.java:991)
	at org.springframework.web.servlet.DispatcherServlet.doService(DispatcherServlet.java:925)
	at org.springframework.web.servlet.FrameworkServlet.processRequest(FrameworkServlet.java:974)
	at org.springframework.web.servlet.FrameworkServlet.doGet(FrameworkServlet.java:866)
	at javax.servlet.http.HttpServlet.service(HttpServlet.java:635)
	at org.springframework.web.servlet.FrameworkServlet.service(FrameworkServlet.java:851)
	at javax.servlet.http.HttpServlet.service(HttpServlet.java:742)
	at org.apache.catalina.core.ApplicationFilterChain.internalDoFilter(ApplicationFilterChain.java:231)
	at org.apache.catalina.core.ApplicationFilterChain.doFilter(ApplicationFilterChain.java:166)
	at org.apache.tomcat.websocket.server.WsFilter.doFilter(WsFilter.java:52)
	at org.apache.catalina.core.ApplicationFilterChain.internalDoFilter(ApplicationFilterChain.java:193)
	at org.apache.catalina.core.ApplicationFilterChain.doFilter(ApplicationFilterChain.java:166)
	at org.springframework.web.filter.RequestContextFilter.doFilterInternal(RequestContextFilter.java:99)
	at org.springframework.web.filter.OncePerRequestFilter.doFilter(OncePerRequestFilter.java:107)
	at org.apache.catalina.core.ApplicationFilterChain.internalDoFilter(ApplicationFilterChain.java:193)
	at org.apache.catalina.core.ApplicationFilterChain.doFilter(ApplicationFilterChain.java:166)
	at org.springframework.web.filter.HttpPutFormContentFilter.doFilterInternal(HttpPutFormContentFilter.java:109)
	at org.springframework.web.filter.OncePerRequestFilter.doFilter(OncePerRequestFilter.java:107)
	at org.apache.catalina.core.ApplicationFilterChain.internalDoFilter(ApplicationFilterChain.java:193)
	at org.apache.catalina.core.ApplicationFilterChain.doFilter(ApplicationFilterChain.java:166)
	at org.springframework.web.filter.HiddenHttpMethodFilter.doFilterInternal(HiddenHttpMethodFilter.java:81)
	at org.springframework.web.filter.OncePerRequestFilter.doFilter(OncePerRequestFilter.java:107)
	at org.apache.catalina.core.ApplicationFilterChain.internalDoFilter(ApplicationFilterChain.java:193)
	at org.apache.catalina.core.ApplicationFilterChain.doFilter(ApplicationFilterChain.java:166)
	at org.springframework.web.filter.CharacterEncodingFilter.doFilterInternal(CharacterEncodingFilter.java:200)
	at org.springframework.web.filter.OncePerRequestFilter.doFilter(OncePerRequestFilter.java:107)
	at org.apache.catalina.core.ApplicationFilterChain.internalDoFilter(ApplicationFilterChain.java:193)
	at org.apache.catalina.core.ApplicationFilterChain.doFilter(ApplicationFilterChain.java:166)
	at org.apache.catalina.core.StandardWrapperValve.invoke(StandardWrapperValve.java:198)
	at org.apache.catalina.core.StandardContextValve.invoke(StandardContextValve.java:96)
	at org.apache.catalina.authenticator.AuthenticatorBase.invoke(AuthenticatorBase.java:496)
	at org.apache.catalina.core.StandardHostValve.invoke(StandardHostValve.java:140)
	at org.apache.catalina.valves.ErrorReportValve.invoke(ErrorReportValve.java:81)
	at org.apache.catalina.core.StandardEngineValve.invoke(StandardEngineValve.java:87)
	at org.apache.catalina.connector.CoyoteAdapter.service(CoyoteAdapter.java:342)
	at org.apache.coyote.http11.Http11Processor.service(Http11Processor.java:803)
	at org.apache.coyote.AbstractProcessorLight.process(AbstractProcessorLight.java:66)
	at org.apache.coyote.AbstractProtocol$ConnectionHandler.process(AbstractProtocol.java:790)
	at org.apache.tomcat.util.net.NioEndpoint$SocketProcessor.doRun(NioEndpoint.java:1468)
	at org.apache.tomcat.util.net.SocketProcessorBase.run(SocketProcessorBase.java:49)
	at java.util.concurrent.ThreadPoolExecutor.runWorker(ThreadPoolExecutor.java:1142)
	at java.util.concurrent.ThreadPoolExecutor$Worker.run(ThreadPoolExecutor.java:617)
	at org.apache.tomcat.util.threads.TaskThread$WrappingRunnable.run(TaskThread.java:61)
	at java.lang.Thread.run(Thread.java:745)

2018-06-11 15:42:36,966  INFO GetSqlInfo:79 - 输入参数为id=1000000,更新sql=test
2018-06-11 15:42:37,152  INFO GetSqlInfo:84 - 传入数据库id错误,在数据库表中,未维护:
2018-06-11 15:47:05,105  INFO GetSqlInfo:35 - 输入参数为id=10002,查询sql=select * FROM TB_YX_SMARTIPC_AREA_CITY limit 2;
2018-06-11 15:47:05,112  INFO GetSqlInfo:37 - 查询结果为:SqlInfoBean = [id = 10002,sqlmode = mysql,sqlconninfo = jdbc:mysql://10.246.71.28:4306/yanxuan_smartipc,sqlusername = yanxuan_smartipc,sqlpassword = yanxuan_smartipc]
2018-06-11 15:47:05,176  INFO GetSqlInfo:57 - 获取到的列名为:Id,对应的值为:1
2018-06-11 15:47:05,177  INFO GetSqlInfo:57 - 获取到的列名为:CityId,对应的值为:666
2018-06-11 15:47:05,177  INFO GetSqlInfo:57 - 获取到的列名为:ProvinceId,对应的值为:666
2018-06-11 15:47:05,177  INFO GetSqlInfo:57 - 获取到的列名为:CityName,对应的值为:娴峰
2018-06-11 15:47:05,178  INFO GetSqlInfo:57 - 获取到的列名为:CreateTime,对应的值为:1477359485175
2018-06-11 15:47:05,178  INFO GetSqlInfo:57 - 获取到的列名为:UpdateTime,对应的值为:1477359485175
2018-06-11 15:47:05,178  INFO GetSqlInfo:57 - 获取到的列名为:Id,对应的值为:4001
2018-06-11 15:47:05,178  INFO GetSqlInfo:57 - 获取到的列名为:CityId,对应的值为:110100
2018-06-11 15:47:05,179  INFO GetSqlInfo:57 - 获取到的列名为:ProvinceId,对应的值为:110000
2018-06-11 15:47:05,179  INFO GetSqlInfo:57 - 获取到的列名为:CityName,对应的值为:北京市
2018-06-11 15:47:05,179  INFO GetSqlInfo:57 - 获取到的列名为:CreateTime,对应的值为:1479202715720
2018-06-11 15:47:05,179  INFO GetSqlInfo:57 - 获取到的列名为:UpdateTime,对应的值为:1526474950043
2018-06-11 15:47:05,181  INFO GetSqlInfo:61 - 返回值为:[{"ProvinceId":666,"CityId":666,"CreateTime":1477359485175,"UpdateTime":1477359485175,"Id":1,"CityName":"娴峰"},{"ProvinceId":110000,"CityId":110100,"CreateTime":1479202715720,"UpdateTime":1526474950043,"Id":4001,"CityName":"北京市"}]
2018-06-11 15:58:34,413  INFO MySqlOper:31 - 输入参数为id=10002,查询sql=select * FROM TB_YX_SMARTIPC_AREA_CITY limit 2;
2018-06-11 15:58:34,590  INFO MySqlOper:36 - 查询结果为:SqlInfoBean = [id = 10002,sqlmode = mysql,sqlconninfo = jdbc:mysql://10.246.71.28:4306/yanxuan_smartipc,sqlusername = yanxuan_smartipc,sqlpassword = yanxuan_smartipc]
2018-06-11 15:58:34,604  INFO MySqlOper:55 - 获取到的列名为:Id,对应的值为:1
2018-06-11 15:58:34,605  INFO MySqlOper:55 - 获取到的列名为:CityId,对应的值为:666
2018-06-11 15:58:34,605  INFO MySqlOper:55 - 获取到的列名为:ProvinceId,对应的值为:666
2018-06-11 15:58:34,605  INFO MySqlOper:55 - 获取到的列名为:CityName,对应的值为:娴峰
2018-06-11 15:58:34,605  INFO MySqlOper:55 - 获取到的列名为:CreateTime,对应的值为:1477359485175
2018-06-11 15:58:34,606  INFO MySqlOper:55 - 获取到的列名为:UpdateTime,对应的值为:1477359485175
2018-06-11 15:58:34,606  INFO MySqlOper:55 - 获取到的列名为:Id,对应的值为:4001
2018-06-11 15:58:34,606  INFO MySqlOper:55 - 获取到的列名为:CityId,对应的值为:110100
2018-06-11 15:58:34,607  INFO MySqlOper:55 - 获取到的列名为:ProvinceId,对应的值为:110000
2018-06-11 15:58:34,607  INFO MySqlOper:55 - 获取到的列名为:CityName,对应的值为:北京市
2018-06-11 15:58:34,607  INFO MySqlOper:55 - 获取到的列名为:CreateTime,对应的值为:1479202715720
2018-06-11 15:58:34,607  INFO MySqlOper:55 - 获取到的列名为:UpdateTime,对应的值为:1526474950043
2018-06-11 15:58:34,631  INFO MySqlOper:59 - 返回值为:[{"ProvinceId":666,"CityId":666,"CreateTime":1477359485175,"UpdateTime":1477359485175,"Id":1,"CityName":"娴峰"},{"ProvinceId":110000,"CityId":110100,"CreateTime":1479202715720,"UpdateTime":1526474950043,"Id":4001,"CityName":"北京市"}]
2018-06-11 15:58:39,369  INFO MySqlOper:31 - 输入参数为id=1002000,查询sql=select * FROM TB_YX_SMARTIPC_AREA_CITY limit 2;
2018-06-11 15:58:39,374  INFO PublicMethod:34 - 传入数据库id错误,在数据库表中,未维护:
2018-06-11 15:58:51,749  INFO MySqlOper:82 - 输入参数为id=1002000,更新sql=select * FROM TB_YX_SMARTIPC_AREA_CITY limit 2;
2018-06-11 15:58:51,753  INFO PublicMethod:34 - 传入数据库id错误,在数据库表中,未维护:
2018-06-11 15:59:10,353  INFO MySqlOper:82 - 输入参数为id=1002000,更新sql=null
2018-06-11 15:59:10,357  INFO PublicMethod:34 - 传入数据库id错误,在数据库表中,未维护:
2018-06-11 15:59:17,776  INFO MySqlOper:82 - 输入参数为id=1000,更新sql=null
2018-06-11 15:59:17,780  INFO MySqlOper:88 - 查询结果为:SqlInfoBean = [id = 1000,sqlmode = mysql,sqlconninfo = test,sqlusername = test,sqlpassword = test]
2018-06-11 15:59:17,781 ERROR PublicMethod:27 - java.sql.SQLException: No suitable driver found for test
	at java.sql.DriverManager.getConnection(DriverManager.java:689)
	at java.sql.DriverManager.getConnection(DriverManager.java:247)
	at com.lynhaw.g4test.service.MySqlOper.writeSqlIfo(MySqlOper.java:94)
	at com.lynhaw.g4test.controller.GetSqlInfo.updateSqlIfo(GetSqlInfo.java:40)
	at sun.reflect.NativeMethodAccessorImpl.invoke0(Native Method)
	at sun.reflect.NativeMethodAccessorImpl.invoke(NativeMethodAccessorImpl.java:62)
	at sun.reflect.DelegatingMethodAccessorImpl.invoke(DelegatingMethodAccessorImpl.java:43)
	at java.lang.reflect.Method.invoke(Method.java:498)
	at org.springframework.web.method.support.InvocableHandlerMethod.doInvoke(InvocableHandlerMethod.java:209)
	at org.springframework.web.method.support.InvocableHandlerMethod.invokeForRequest(InvocableHandlerMethod.java:136)
	at org.springframework.web.servlet.mvc.method.annotation.ServletInvocableHandlerMethod.invokeAndHandle(ServletInvocableHandlerMethod.java:102)
	at org.springframework.web.servlet.mvc.method.annotation.RequestMappingHandlerAdapter.invokeHandlerMethod(RequestMappingHandlerAdapter.java:877)
	at org.springframework.web.servlet.mvc.method.annotation.RequestMappingHandlerAdapter.handleInternal(RequestMappingHandlerAdapter.java:783)
	at org.springframework.web.servlet.mvc.method.AbstractHandlerMethodAdapter.handle(AbstractHandlerMethodAdapter.java:87)
	at org.springframework.web.servlet.DispatcherServlet.doDispatch(DispatcherServlet.java:991)
	at org.springframework.web.servlet.DispatcherServlet.doService(DispatcherServlet.java:925)
	at org.springframework.web.servlet.FrameworkServlet.processRequest(FrameworkServlet.java:974)
	at org.springframework.web.servlet.FrameworkServlet.doGet(FrameworkServlet.java:866)
	at javax.servlet.http.HttpServlet.service(HttpServlet.java:635)
	at org.springframework.web.servlet.FrameworkServlet.service(FrameworkServlet.java:851)
	at javax.servlet.http.HttpServlet.service(HttpServlet.java:742)
	at org.apache.catalina.core.ApplicationFilterChain.internalDoFilter(ApplicationFilterChain.java:231)
	at org.apache.catalina.core.ApplicationFilterChain.doFilter(ApplicationFilterChain.java:166)
	at org.apache.tomcat.websocket.server.WsFilter.doFilter(WsFilter.java:52)
	at org.apache.catalina.core.ApplicationFilterChain.internalDoFilter(ApplicationFilterChain.java:193)
	at org.apache.catalina.core.ApplicationFilterChain.doFilter(ApplicationFilterChain.java:166)
	at org.springframework.web.filter.RequestContextFilter.doFilterInternal(RequestContextFilter.java:99)
	at org.springframework.web.filter.OncePerRequestFilter.doFilter(OncePerRequestFilter.java:107)
	at org.apache.catalina.core.ApplicationFilterChain.internalDoFilter(ApplicationFilterChain.java:193)
	at org.apache.catalina.core.ApplicationFilterChain.doFilter(ApplicationFilterChain.java:166)
	at org.springframework.web.filter.HttpPutFormContentFilter.doFilterInternal(HttpPutFormContentFilter.java:109)
	at org.springframework.web.filter.OncePerRequestFilter.doFilter(OncePerRequestFilter.java:107)
	at org.apache.catalina.core.ApplicationFilterChain.internalDoFilter(ApplicationFilterChain.java:193)
	at org.apache.catalina.core.ApplicationFilterChain.doFilter(ApplicationFilterChain.java:166)
	at org.springframework.web.filter.HiddenHttpMethodFilter.doFilterInternal(HiddenHttpMethodFilter.java:81)
	at org.springframework.web.filter.OncePerRequestFilter.doFilter(OncePerRequestFilter.java:107)
	at org.apache.catalina.core.ApplicationFilterChain.internalDoFilter(ApplicationFilterChain.java:193)
	at org.apache.catalina.core.ApplicationFilterChain.doFilter(ApplicationFilterChain.java:166)
	at org.springframework.web.filter.CharacterEncodingFilter.doFilterInternal(CharacterEncodingFilter.java:200)
	at org.springframework.web.filter.OncePerRequestFilter.doFilter(OncePerRequestFilter.java:107)
	at org.apache.catalina.core.ApplicationFilterChain.internalDoFilter(ApplicationFilterChain.java:193)
	at org.apache.catalina.core.ApplicationFilterChain.doFilter(ApplicationFilterChain.java:166)
	at org.apache.catalina.core.StandardWrapperValve.invoke(StandardWrapperValve.java:198)
	at org.apache.catalina.core.StandardContextValve.invoke(StandardContextValve.java:96)
	at org.apache.catalina.authenticator.AuthenticatorBase.invoke(AuthenticatorBase.java:496)
	at org.apache.catalina.core.StandardHostValve.invoke(StandardHostValve.java:140)
	at org.apache.catalina.valves.ErrorReportValve.invoke(ErrorReportValve.java:81)
	at org.apache.catalina.core.StandardEngineValve.invoke(StandardEngineValve.java:87)
	at org.apache.catalina.connector.CoyoteAdapter.service(CoyoteAdapter.java:342)
	at org.apache.coyote.http11.Http11Processor.service(Http11Processor.java:803)
	at org.apache.coyote.AbstractProcessorLight.process(AbstractProcessorLight.java:66)
	at org.apache.coyote.AbstractProtocol$ConnectionHandler.process(AbstractProtocol.java:790)
	at org.apache.tomcat.util.net.NioEndpoint$SocketProcessor.doRun(NioEndpoint.java:1468)
	at org.apache.tomcat.util.net.SocketProcessorBase.run(SocketProcessorBase.java:49)
	at java.util.concurrent.ThreadPoolExecutor.runWorker(ThreadPoolExecutor.java:1142)
	at java.util.concurrent.ThreadPoolExecutor$Worker.run(ThreadPoolExecutor.java:617)
	at org.apache.tomcat.util.threads.TaskThread$WrappingRunnable.run(TaskThread.java:61)
	at java.lang.Thread.run(Thread.java:745)

2018-06-11 15:59:27,855  INFO MySqlOper:82 - 输入参数为id=10002,更新sql=null
2018-06-11 15:59:27,859  INFO MySqlOper:88 - 查询结果为:SqlInfoBean = [id = 10002,sqlmode = mysql,sqlconninfo = jdbc:mysql://10.246.71.28:4306/yanxuan_smartipc,sqlusername = yanxuan_smartipc,sqlpassword = yanxuan_smartipc]
2018-06-11 15:59:27,871 ERROR PublicMethod:27 - java.sql.SQLException: Can not issue NULL query.
	at com.mysql.jdbc.SQLError.createSQLException(SQLError.java:1086)
	at com.mysql.jdbc.SQLError.createSQLException(SQLError.java:989)
	at com.mysql.jdbc.SQLError.createSQLException(SQLError.java:975)
	at com.mysql.jdbc.SQLError.createSQLException(SQLError.java:920)
	at com.mysql.jdbc.StatementImpl.checkNullOrEmptyQuery(StatementImpl.java:520)
	at com.mysql.jdbc.StatementImpl.executeUpdate(StatementImpl.java:1782)
	at com.mysql.jdbc.StatementImpl.executeUpdate(StatementImpl.java:1764)
	at com.lynhaw.g4test.service.MySqlOper.writeSqlIfo(MySqlOper.java:96)
	at com.lynhaw.g4test.controller.GetSqlInfo.updateSqlIfo(GetSqlInfo.java:40)
	at sun.reflect.NativeMethodAccessorImpl.invoke0(Native Method)
	at sun.reflect.NativeMethodAccessorImpl.invoke(NativeMethodAccessorImpl.java:62)
	at sun.reflect.DelegatingMethodAccessorImpl.invoke(DelegatingMethodAccessorImpl.java:43)
	at java.lang.reflect.Method.invoke(Method.java:498)
	at org.springframework.web.method.support.InvocableHandlerMethod.doInvoke(InvocableHandlerMethod.java:209)
	at org.springframework.web.method.support.InvocableHandlerMethod.invokeForRequest(InvocableHandlerMethod.java:136)
	at org.springframework.web.servlet.mvc.method.annotation.ServletInvocableHandlerMethod.invokeAndHandle(ServletInvocableHandlerMethod.java:102)
	at org.springframework.web.servlet.mvc.method.annotation.RequestMappingHandlerAdapter.invokeHandlerMethod(RequestMappingHandlerAdapter.java:877)
	at org.springframework.web.servlet.mvc.method.annotation.RequestMappingHandlerAdapter.handleInternal(RequestMappingHandlerAdapter.java:783)
	at org.springframework.web.servlet.mvc.method.AbstractHandlerMethodAdapter.handle(AbstractHandlerMethodAdapter.java:87)
	at org.springframework.web.servlet.DispatcherServlet.doDispatch(DispatcherServlet.java:991)
	at org.springframework.web.servlet.DispatcherServlet.doService(DispatcherServlet.java:925)
	at org.springframework.web.servlet.FrameworkServlet.processRequest(FrameworkServlet.java:974)
	at org.springframework.web.servlet.FrameworkServlet.doGet(FrameworkServlet.java:866)
	at javax.servlet.http.HttpServlet.service(HttpServlet.java:635)
	at org.springframework.web.servlet.FrameworkServlet.service(FrameworkServlet.java:851)
	at javax.servlet.http.HttpServlet.service(HttpServlet.java:742)
	at org.apache.catalina.core.ApplicationFilterChain.internalDoFilter(ApplicationFilterChain.java:231)
	at org.apache.catalina.core.ApplicationFilterChain.doFilter(ApplicationFilterChain.java:166)
	at org.apache.tomcat.websocket.server.WsFilter.doFilter(WsFilter.java:52)
	at org.apache.catalina.core.ApplicationFilterChain.internalDoFilter(ApplicationFilterChain.java:193)
	at org.apache.catalina.core.ApplicationFilterChain.doFilter(ApplicationFilterChain.java:166)
	at org.springframework.web.filter.RequestContextFilter.doFilterInternal(RequestContextFilter.java:99)
	at org.springframework.web.filter.OncePerRequestFilter.doFilter(OncePerRequestFilter.java:107)
	at org.apache.catalina.core.ApplicationFilterChain.internalDoFilter(ApplicationFilterChain.java:193)
	at org.apache.catalina.core.ApplicationFilterChain.doFilter(ApplicationFilterChain.java:166)
	at org.springframework.web.filter.HttpPutFormContentFilter.doFilterInternal(HttpPutFormContentFilter.java:109)
	at org.springframework.web.filter.OncePerRequestFilter.doFilter(OncePerRequestFilter.java:107)
	at org.apache.catalina.core.ApplicationFilterChain.internalDoFilter(ApplicationFilterChain.java:193)
	at org.apache.catalina.core.ApplicationFilterChain.doFilter(ApplicationFilterChain.java:166)
	at org.springframework.web.filter.HiddenHttpMethodFilter.doFilterInternal(HiddenHttpMethodFilter.java:81)
	at org.springframework.web.filter.OncePerRequestFilter.doFilter(OncePerRequestFilter.java:107)
	at org.apache.catalina.core.ApplicationFilterChain.internalDoFilter(ApplicationFilterChain.java:193)
	at org.apache.catalina.core.ApplicationFilterChain.doFilter(ApplicationFilterChain.java:166)
	at org.springframework.web.filter.CharacterEncodingFilter.doFilterInternal(CharacterEncodingFilter.java:200)
	at org.springframework.web.filter.OncePerRequestFilter.doFilter(OncePerRequestFilter.java:107)
	at org.apache.catalina.core.ApplicationFilterChain.internalDoFilter(ApplicationFilterChain.java:193)
	at org.apache.catalina.core.ApplicationFilterChain.doFilter(ApplicationFilterChain.java:166)
	at org.apache.catalina.core.StandardWrapperValve.invoke(StandardWrapperValve.java:198)
	at org.apache.catalina.core.StandardContextValve.invoke(StandardContextValve.java:96)
	at org.apache.catalina.authenticator.AuthenticatorBase.invoke(AuthenticatorBase.java:496)
	at org.apache.catalina.core.StandardHostValve.invoke(StandardHostValve.java:140)
	at org.apache.catalina.valves.ErrorReportValve.invoke(ErrorReportValve.java:81)
	at org.apache.catalina.core.StandardEngineValve.invoke(StandardEngineValve.java:87)
	at org.apache.catalina.connector.CoyoteAdapter.service(CoyoteAdapter.java:342)
	at org.apache.coyote.http11.Http11Processor.service(Http11Processor.java:803)
	at org.apache.coyote.AbstractProcessorLight.process(AbstractProcessorLight.java:66)
	at org.apache.coyote.AbstractProtocol$ConnectionHandler.process(AbstractProtocol.java:790)
	at org.apache.tomcat.util.net.NioEndpoint$SocketProcessor.doRun(NioEndpoint.java:1468)
	at org.apache.tomcat.util.net.SocketProcessorBase.run(SocketProcessorBase.java:49)
	at java.util.concurrent.ThreadPoolExecutor.runWorker(ThreadPoolExecutor.java:1142)
	at java.util.concurrent.ThreadPoolExecutor$Worker.run(ThreadPoolExecutor.java:617)
	at org.apache.tomcat.util.threads.TaskThread$WrappingRunnable.run(TaskThread.java:61)
	at java.lang.Thread.run(Thread.java:745)

2018-06-11 16:12:30,972  INFO MySqlOper:82 - 输入参数为id=10002,更新sql=UPDATE TB_YX_SMARTIPC_AREA_CITY SET CityId=667 where Id=1;
2018-06-11 16:12:31,142  INFO MySqlOper:88 - 查询结果为:SqlInfoBean = [id = 10002,sqlmode = mysql,sqlconninfo = jdbc:mysql://10.246.71.28:4306/yanxuan_smartipc,sqlusername = yanxuan_smartipc,sqlpassword = yanxuan_smartipc]
2018-06-11 16:12:46,733  INFO MySqlOper:82 - 输入参数为id=10002,更新sql=UPDATE TB_YX_SMARTIPC_AREA_CITY SET CityId=666 where Id=1;
2018-06-11 16:12:46,737  INFO MySqlOper:88 - 查询结果为:SqlInfoBean = [id = 10002,sqlmode = mysql,sqlconninfo = jdbc:mysql://10.246.71.28:4306/yanxuan_smartipc,sqlusername = yanxuan_smartipc,sqlpassword = yanxuan_smartipc]
2018-06-11 16:13:56,975  INFO MySqlOper:82 - 输入参数为id=10002,更新sql=INSERT(667,667,'海外',1528730999000,1528730999000);
2018-06-11 16:13:56,979  INFO MySqlOper:88 - 查询结果为:SqlInfoBean = [id = 10002,sqlmode = mysql,sqlconninfo = jdbc:mysql://10.246.71.28:4306/yanxuan_smartipc,sqlusername = yanxuan_smartipc,sqlpassword = yanxuan_smartipc]
2018-06-11 16:13:57,007 ERROR PublicMethod:27 - com.mysql.jdbc.exceptions.jdbc4.MySQLSyntaxErrorException: You have an error in your SQL syntax; check the manual that corresponds to your MySQL server version for the right syntax to use near '(667,667,'海外',1528730999000,1528730999000)' at line 1
	at sun.reflect.NativeConstructorAccessorImpl.newInstance0(Native Method)
	at sun.reflect.NativeConstructorAccessorImpl.newInstance(NativeConstructorAccessorImpl.java:62)
	at sun.reflect.DelegatingConstructorAccessorImpl.newInstance(DelegatingConstructorAccessorImpl.java:45)
	at java.lang.reflect.Constructor.newInstance(Constructor.java:423)
	at com.mysql.jdbc.Util.handleNewInstance(Util.java:411)
	at com.mysql.jdbc.Util.getInstance(Util.java:386)
	at com.mysql.jdbc.SQLError.createSQLException(SQLError.java:1054)
	at com.mysql.jdbc.MysqlIO.checkErrorPacket(MysqlIO.java:4237)
	at com.mysql.jdbc.MysqlIO.checkErrorPacket(MysqlIO.java:4169)
	at com.mysql.jdbc.MysqlIO.sendCommand(MysqlIO.java:2617)
	at com.mysql.jdbc.MysqlIO.sqlQueryDirect(MysqlIO.java:2778)
	at com.mysql.jdbc.ConnectionImpl.execSQL(ConnectionImpl.java:2819)
	at com.mysql.jdbc.StatementImpl.executeUpdate(StatementImpl.java:1842)
	at com.mysql.jdbc.StatementImpl.executeUpdate(StatementImpl.java:1764)
	at com.lynhaw.g4test.service.MySqlOper.writeSqlIfo(MySqlOper.java:96)
	at com.lynhaw.g4test.controller.GetSqlInfo.updateSqlIfo(GetSqlInfo.java:49)
	at sun.reflect.NativeMethodAccessorImpl.invoke0(Native Method)
	at sun.reflect.NativeMethodAccessorImpl.invoke(NativeMethodAccessorImpl.java:62)
	at sun.reflect.DelegatingMethodAccessorImpl.invoke(DelegatingMethodAccessorImpl.java:43)
	at java.lang.reflect.Method.invoke(Method.java:498)
	at org.springframework.web.method.support.InvocableHandlerMethod.doInvoke(InvocableHandlerMethod.java:209)
	at org.springframework.web.method.support.InvocableHandlerMethod.invokeForRequest(InvocableHandlerMethod.java:136)
	at org.springframework.web.servlet.mvc.method.annotation.ServletInvocableHandlerMethod.invokeAndHandle(ServletInvocableHandlerMethod.java:102)
	at org.springframework.web.servlet.mvc.method.annotation.RequestMappingHandlerAdapter.invokeHandlerMethod(RequestMappingHandlerAdapter.java:877)
	at org.springframework.web.servlet.mvc.method.annotation.RequestMappingHandlerAdapter.handleInternal(RequestMappingHandlerAdapter.java:783)
	at org.springframework.web.servlet.mvc.method.AbstractHandlerMethodAdapter.handle(AbstractHandlerMethodAdapter.java:87)
	at org.springframework.web.servlet.DispatcherServlet.doDispatch(DispatcherServlet.java:991)
	at org.springframework.web.servlet.DispatcherServlet.doService(DispatcherServlet.java:925)
	at org.springframework.web.servlet.FrameworkServlet.processRequest(FrameworkServlet.java:974)
	at org.springframework.web.servlet.FrameworkServlet.doGet(FrameworkServlet.java:866)
	at javax.servlet.http.HttpServlet.service(HttpServlet.java:635)
	at org.springframework.web.servlet.FrameworkServlet.service(FrameworkServlet.java:851)
	at javax.servlet.http.HttpServlet.service(HttpServlet.java:742)
	at org.apache.catalina.core.ApplicationFilterChain.internalDoFilter(ApplicationFilterChain.java:231)
	at org.apache.catalina.core.ApplicationFilterChain.doFilter(ApplicationFilterChain.java:166)
	at org.apache.tomcat.websocket.server.WsFilter.doFilter(WsFilter.java:52)
	at org.apache.catalina.core.ApplicationFilterChain.internalDoFilter(ApplicationFilterChain.java:193)
	at org.apache.catalina.core.ApplicationFilterChain.doFilter(ApplicationFilterChain.java:166)
	at org.springframework.web.filter.RequestContextFilter.doFilterInternal(RequestContextFilter.java:99)
	at org.springframework.web.filter.OncePerRequestFilter.doFilter(OncePerRequestFilter.java:107)
	at org.apache.catalina.core.ApplicationFilterChain.internalDoFilter(ApplicationFilterChain.java:193)
	at org.apache.catalina.core.ApplicationFilterChain.doFilter(ApplicationFilterChain.java:166)
	at org.springframework.web.filter.HttpPutFormContentFilter.doFilterInternal(HttpPutFormContentFilter.java:109)
	at org.springframework.web.filter.OncePerRequestFilter.doFilter(OncePerRequestFilter.java:107)
	at org.apache.catalina.core.ApplicationFilterChain.internalDoFilter(ApplicationFilterChain.java:193)
	at org.apache.catalina.core.ApplicationFilterChain.doFilter(ApplicationFilterChain.java:166)
	at org.springframework.web.filter.HiddenHttpMethodFilter.doFilterInternal(HiddenHttpMethodFilter.java:81)
	at org.springframework.web.filter.OncePerRequestFilter.doFilter(OncePerRequestFilter.java:107)
	at org.apache.catalina.core.ApplicationFilterChain.internalDoFilter(ApplicationFilterChain.java:193)
	at org.apache.catalina.core.ApplicationFilterChain.doFilter(ApplicationFilterChain.java:166)
	at org.springframework.web.filter.CharacterEncodingFilter.doFilterInternal(CharacterEncodingFilter.java:200)
	at org.springframework.web.filter.OncePerRequestFilter.doFilter(OncePerRequestFilter.java:107)
	at org.apache.catalina.core.ApplicationFilterChain.internalDoFilter(ApplicationFilterChain.java:193)
	at org.apache.catalina.core.ApplicationFilterChain.doFilter(ApplicationFilterChain.java:166)
	at org.apache.catalina.core.StandardWrapperValve.invoke(StandardWrapperValve.java:198)
	at org.apache.catalina.core.StandardContextValve.invoke(StandardContextValve.java:96)
	at org.apache.catalina.authenticator.AuthenticatorBase.invoke(AuthenticatorBase.java:496)
	at org.apache.catalina.core.StandardHostValve.invoke(StandardHostValve.java:140)
	at org.apache.catalina.valves.ErrorReportValve.invoke(ErrorReportValve.java:81)
	at org.apache.catalina.core.StandardEngineValve.invoke(StandardEngineValve.java:87)
	at org.apache.catalina.connector.CoyoteAdapter.service(CoyoteAdapter.java:342)
	at org.apache.coyote.http11.Http11Processor.service(Http11Processor.java:803)
	at org.apache.coyote.AbstractProcessorLight.process(AbstractProcessorLight.java:66)
	at org.apache.coyote.AbstractProtocol$ConnectionHandler.process(AbstractProtocol.java:790)
	at org.apache.tomcat.util.net.NioEndpoint$SocketProcessor.doRun(NioEndpoint.java:1468)
	at org.apache.tomcat.util.net.SocketProcessorBase.run(SocketProcessorBase.java:49)
	at java.util.concurrent.ThreadPoolExecutor.runWorker(ThreadPoolExecutor.java:1142)
	at java.util.concurrent.ThreadPoolExecutor$Worker.run(ThreadPoolExecutor.java:617)
	at org.apache.tomcat.util.threads.TaskThread$WrappingRunnable.run(TaskThread.java:61)
	at java.lang.Thread.run(Thread.java:745)

2018-06-11 16:16:16,989  INFO MySqlOper:82 - 输入参数为id=10002,更新sql=INSERT into TB_YX_SMARTIPC_AREA_CITY  values(667,667,'海外',1528730999000,1528730999000);
2018-06-11 16:16:16,993  INFO MySqlOper:88 - 查询结果为:SqlInfoBean = [id = 10002,sqlmode = mysql,sqlconninfo = jdbc:mysql://10.246.71.28:4306/yanxuan_smartipc,sqlusername = yanxuan_smartipc,sqlpassword = yanxuan_smartipc]
2018-06-11 16:16:17,003 ERROR PublicMethod:27 - java.sql.SQLException: Column count doesn't match value count at row 1
	at com.mysql.jdbc.SQLError.createSQLException(SQLError.java:1086)
	at com.mysql.jdbc.MysqlIO.checkErrorPacket(MysqlIO.java:4237)
	at com.mysql.jdbc.MysqlIO.checkErrorPacket(MysqlIO.java:4169)
	at com.mysql.jdbc.MysqlIO.sendCommand(MysqlIO.java:2617)
	at com.mysql.jdbc.MysqlIO.sqlQueryDirect(MysqlIO.java:2778)
	at com.mysql.jdbc.ConnectionImpl.execSQL(ConnectionImpl.java:2819)
	at com.mysql.jdbc.StatementImpl.executeUpdate(StatementImpl.java:1842)
	at com.mysql.jdbc.StatementImpl.executeUpdate(StatementImpl.java:1764)
	at com.lynhaw.g4test.service.MySqlOper.writeSqlIfo(MySqlOper.java:96)
	at com.lynhaw.g4test.controller.GetSqlInfo.updateSqlIfo(GetSqlInfo.java:49)
	at sun.reflect.NativeMethodAccessorImpl.invoke0(Native Method)
	at sun.reflect.NativeMethodAccessorImpl.invoke(NativeMethodAccessorImpl.java:62)
	at sun.reflect.DelegatingMethodAccessorImpl.invoke(DelegatingMethodAccessorImpl.java:43)
	at java.lang.reflect.Method.invoke(Method.java:498)
	at org.springframework.web.method.support.InvocableHandlerMethod.doInvoke(InvocableHandlerMethod.java:209)
	at org.springframework.web.method.support.InvocableHandlerMethod.invokeForRequest(InvocableHandlerMethod.java:136)
	at org.springframework.web.servlet.mvc.method.annotation.ServletInvocableHandlerMethod.invokeAndHandle(ServletInvocableHandlerMethod.java:102)
	at org.springframework.web.servlet.mvc.method.annotation.RequestMappingHandlerAdapter.invokeHandlerMethod(RequestMappingHandlerAdapter.java:877)
	at org.springframework.web.servlet.mvc.method.annotation.RequestMappingHandlerAdapter.handleInternal(RequestMappingHandlerAdapter.java:783)
	at org.springframework.web.servlet.mvc.method.AbstractHandlerMethodAdapter.handle(AbstractHandlerMethodAdapter.java:87)
	at org.springframework.web.servlet.DispatcherServlet.doDispatch(DispatcherServlet.java:991)
	at org.springframework.web.servlet.DispatcherServlet.doService(DispatcherServlet.java:925)
	at org.springframework.web.servlet.FrameworkServlet.processRequest(FrameworkServlet.java:974)
	at org.springframework.web.servlet.FrameworkServlet.doGet(FrameworkServlet.java:866)
	at javax.servlet.http.HttpServlet.service(HttpServlet.java:635)
	at org.springframework.web.servlet.FrameworkServlet.service(FrameworkServlet.java:851)
	at javax.servlet.http.HttpServlet.service(HttpServlet.java:742)
	at org.apache.catalina.core.ApplicationFilterChain.internalDoFilter(ApplicationFilterChain.java:231)
	at org.apache.catalina.core.ApplicationFilterChain.doFilter(ApplicationFilterChain.java:166)
	at org.apache.tomcat.websocket.server.WsFilter.doFilter(WsFilter.java:52)
	at org.apache.catalina.core.ApplicationFilterChain.internalDoFilter(ApplicationFilterChain.java:193)
	at org.apache.catalina.core.ApplicationFilterChain.doFilter(ApplicationFilterChain.java:166)
	at org.springframework.web.filter.RequestContextFilter.doFilterInternal(RequestContextFilter.java:99)
	at org.springframework.web.filter.OncePerRequestFilter.doFilter(OncePerRequestFilter.java:107)
	at org.apache.catalina.core.ApplicationFilterChain.internalDoFilter(ApplicationFilterChain.java:193)
	at org.apache.catalina.core.ApplicationFilterChain.doFilter(ApplicationFilterChain.java:166)
	at org.springframework.web.filter.HttpPutFormContentFilter.doFilterInternal(HttpPutFormContentFilter.java:109)
	at org.springframework.web.filter.OncePerRequestFilter.doFilter(OncePerRequestFilter.java:107)
	at org.apache.catalina.core.ApplicationFilterChain.internalDoFilter(ApplicationFilterChain.java:193)
	at org.apache.catalina.core.ApplicationFilterChain.doFilter(ApplicationFilterChain.java:166)
	at org.springframework.web.filter.HiddenHttpMethodFilter.doFilterInternal(HiddenHttpMethodFilter.java:81)
	at org.springframework.web.filter.OncePerRequestFilter.doFilter(OncePerRequestFilter.java:107)
	at org.apache.catalina.core.ApplicationFilterChain.internalDoFilter(ApplicationFilterChain.java:193)
	at org.apache.catalina.core.ApplicationFilterChain.doFilter(ApplicationFilterChain.java:166)
	at org.springframework.web.filter.CharacterEncodingFilter.doFilterInternal(CharacterEncodingFilter.java:200)
	at org.springframework.web.filter.OncePerRequestFilter.doFilter(OncePerRequestFilter.java:107)
	at org.apache.catalina.core.ApplicationFilterChain.internalDoFilter(ApplicationFilterChain.java:193)
	at org.apache.catalina.core.ApplicationFilterChain.doFilter(ApplicationFilterChain.java:166)
	at org.apache.catalina.core.StandardWrapperValve.invoke(StandardWrapperValve.java:198)
	at org.apache.catalina.core.StandardContextValve.invoke(StandardContextValve.java:96)
	at org.apache.catalina.authenticator.AuthenticatorBase.invoke(AuthenticatorBase.java:496)
	at org.apache.catalina.core.StandardHostValve.invoke(StandardHostValve.java:140)
	at org.apache.catalina.valves.ErrorReportValve.invoke(ErrorReportValve.java:81)
	at org.apache.catalina.core.StandardEngineValve.invoke(StandardEngineValve.java:87)
	at org.apache.catalina.connector.CoyoteAdapter.service(CoyoteAdapter.java:342)
	at org.apache.coyote.http11.Http11Processor.service(Http11Processor.java:803)
	at org.apache.coyote.AbstractProcessorLight.process(AbstractProcessorLight.java:66)
	at org.apache.coyote.AbstractProtocol$ConnectionHandler.process(AbstractProtocol.java:790)
	at org.apache.tomcat.util.net.NioEndpoint$SocketProcessor.doRun(NioEndpoint.java:1468)
	at org.apache.tomcat.util.net.SocketProcessorBase.run(SocketProcessorBase.java:49)
	at java.util.concurrent.ThreadPoolExecutor.runWorker(ThreadPoolExecutor.java:1142)
	at java.util.concurrent.ThreadPoolExecutor$Worker.run(ThreadPoolExecutor.java:617)
	at org.apache.tomcat.util.threads.TaskThread$WrappingRunnable.run(TaskThread.java:61)
	at java.lang.Thread.run(Thread.java:745)

2018-06-11 16:17:26,889  INFO MySqlOper:82 - 输入参数为id=10002,更新sql=INSERT INTO TB_YX_SMARTIPC_AREA_CITY VALUES (4397,667,667,"海外",1528730999000,1528730999000);
2018-06-11 16:17:26,894  INFO MySqlOper:88 - 查询结果为:SqlInfoBean = [id = 10002,sqlmode = mysql,sqlconninfo = jdbc:mysql://10.246.71.28:4306/yanxuan_smartipc,sqlusername = yanxuan_smartipc,sqlpassword = yanxuan_smartipc]
2018-06-11 16:17:26,915 ERROR PublicMethod:27 - com.mysql.jdbc.exceptions.jdbc4.MySQLIntegrityConstraintViolationException: Duplicate entry '667' for key 'udx_cid'
	at sun.reflect.NativeConstructorAccessorImpl.newInstance0(Native Method)
	at sun.reflect.NativeConstructorAccessorImpl.newInstance(NativeConstructorAccessorImpl.java:62)
	at sun.reflect.DelegatingConstructorAccessorImpl.newInstance(DelegatingConstructorAccessorImpl.java:45)
	at java.lang.reflect.Constructor.newInstance(Constructor.java:423)
	at com.mysql.jdbc.Util.handleNewInstance(Util.java:411)
	at com.mysql.jdbc.Util.getInstance(Util.java:386)
	at com.mysql.jdbc.SQLError.createSQLException(SQLError.java:1041)
	at com.mysql.jdbc.MysqlIO.checkErrorPacket(MysqlIO.java:4237)
	at com.mysql.jdbc.MysqlIO.checkErrorPacket(MysqlIO.java:4169)
	at com.mysql.jdbc.MysqlIO.sendCommand(MysqlIO.java:2617)
	at com.mysql.jdbc.MysqlIO.sqlQueryDirect(MysqlIO.java:2778)
	at com.mysql.jdbc.ConnectionImpl.execSQL(ConnectionImpl.java:2819)
	at com.mysql.jdbc.StatementImpl.executeUpdate(StatementImpl.java:1842)
	at com.mysql.jdbc.StatementImpl.executeUpdate(StatementImpl.java:1764)
	at com.lynhaw.g4test.service.MySqlOper.writeSqlIfo(MySqlOper.java:96)
	at com.lynhaw.g4test.controller.GetSqlInfo.updateSqlIfo(GetSqlInfo.java:49)
	at sun.reflect.NativeMethodAccessorImpl.invoke0(Native Method)
	at sun.reflect.NativeMethodAccessorImpl.invoke(NativeMethodAccessorImpl.java:62)
	at sun.reflect.DelegatingMethodAccessorImpl.invoke(DelegatingMethodAccessorImpl.java:43)
	at java.lang.reflect.Method.invoke(Method.java:498)
	at org.springframework.web.method.support.InvocableHandlerMethod.doInvoke(InvocableHandlerMethod.java:209)
	at org.springframework.web.method.support.InvocableHandlerMethod.invokeForRequest(InvocableHandlerMethod.java:136)
	at org.springframework.web.servlet.mvc.method.annotation.ServletInvocableHandlerMethod.invokeAndHandle(ServletInvocableHandlerMethod.java:102)
	at org.springframework.web.servlet.mvc.method.annotation.RequestMappingHandlerAdapter.invokeHandlerMethod(RequestMappingHandlerAdapter.java:877)
	at org.springframework.web.servlet.mvc.method.annotation.RequestMappingHandlerAdapter.handleInternal(RequestMappingHandlerAdapter.java:783)
	at org.springframework.web.servlet.mvc.method.AbstractHandlerMethodAdapter.handle(AbstractHandlerMethodAdapter.java:87)
	at org.springframework.web.servlet.DispatcherServlet.doDispatch(DispatcherServlet.java:991)
	at org.springframework.web.servlet.DispatcherServlet.doService(DispatcherServlet.java:925)
	at org.springframework.web.servlet.FrameworkServlet.processRequest(FrameworkServlet.java:974)
	at org.springframework.web.servlet.FrameworkServlet.doGet(FrameworkServlet.java:866)
	at javax.servlet.http.HttpServlet.service(HttpServlet.java:635)
	at org.springframework.web.servlet.FrameworkServlet.service(FrameworkServlet.java:851)
	at javax.servlet.http.HttpServlet.service(HttpServlet.java:742)
	at org.apache.catalina.core.ApplicationFilterChain.internalDoFilter(ApplicationFilterChain.java:231)
	at org.apache.catalina.core.ApplicationFilterChain.doFilter(ApplicationFilterChain.java:166)
	at org.apache.tomcat.websocket.server.WsFilter.doFilter(WsFilter.java:52)
	at org.apache.catalina.core.ApplicationFilterChain.internalDoFilter(ApplicationFilterChain.java:193)
	at org.apache.catalina.core.ApplicationFilterChain.doFilter(ApplicationFilterChain.java:166)
	at org.springframework.web.filter.RequestContextFilter.doFilterInternal(RequestContextFilter.java:99)
	at org.springframework.web.filter.OncePerRequestFilter.doFilter(OncePerRequestFilter.java:107)
	at org.apache.catalina.core.ApplicationFilterChain.internalDoFilter(ApplicationFilterChain.java:193)
	at org.apache.catalina.core.ApplicationFilterChain.doFilter(ApplicationFilterChain.java:166)
	at org.springframework.web.filter.HttpPutFormContentFilter.doFilterInternal(HttpPutFormContentFilter.java:109)
	at org.springframework.web.filter.OncePerRequestFilter.doFilter(OncePerRequestFilter.java:107)
	at org.apache.catalina.core.ApplicationFilterChain.internalDoFilter(ApplicationFilterChain.java:193)
	at org.apache.catalina.core.ApplicationFilterChain.doFilter(ApplicationFilterChain.java:166)
	at org.springframework.web.filter.HiddenHttpMethodFilter.doFilterInternal(HiddenHttpMethodFilter.java:81)
	at org.springframework.web.filter.OncePerRequestFilter.doFilter(OncePerRequestFilter.java:107)
	at org.apache.catalina.core.ApplicationFilterChain.internalDoFilter(ApplicationFilterChain.java:193)
	at org.apache.catalina.core.ApplicationFilterChain.doFilter(ApplicationFilterChain.java:166)
	at org.springframework.web.filter.CharacterEncodingFilter.doFilterInternal(CharacterEncodingFilter.java:200)
	at org.springframework.web.filter.OncePerRequestFilter.doFilter(OncePerRequestFilter.java:107)
	at org.apache.catalina.core.ApplicationFilterChain.internalDoFilter(ApplicationFilterChain.java:193)
	at org.apache.catalina.core.ApplicationFilterChain.doFilter(ApplicationFilterChain.java:166)
	at org.apache.catalina.core.StandardWrapperValve.invoke(StandardWrapperValve.java:198)
	at org.apache.catalina.core.StandardContextValve.invoke(StandardContextValve.java:96)
	at org.apache.catalina.authenticator.AuthenticatorBase.invoke(AuthenticatorBase.java:496)
	at org.apache.catalina.core.StandardHostValve.invoke(StandardHostValve.java:140)
	at org.apache.catalina.valves.ErrorReportValve.invoke(ErrorReportValve.java:81)
	at org.apache.catalina.core.StandardEngineValve.invoke(StandardEngineValve.java:87)
	at org.apache.catalina.connector.CoyoteAdapter.service(CoyoteAdapter.java:342)
	at org.apache.coyote.http11.Http11Processor.service(Http11Processor.java:803)
	at org.apache.coyote.AbstractProcessorLight.process(AbstractProcessorLight.java:66)
	at org.apache.coyote.AbstractProtocol$ConnectionHandler.process(AbstractProtocol.java:790)
	at org.apache.tomcat.util.net.NioEndpoint$SocketProcessor.doRun(NioEndpoint.java:1468)
	at org.apache.tomcat.util.net.SocketProcessorBase.run(SocketProcessorBase.java:49)
	at java.util.concurrent.ThreadPoolExecutor.runWorker(ThreadPoolExecutor.java:1142)
	at java.util.concurrent.ThreadPoolExecutor$Worker.run(ThreadPoolExecutor.java:617)
	at org.apache.tomcat.util.threads.TaskThread$WrappingRunnable.run(TaskThread.java:61)
	at java.lang.Thread.run(Thread.java:745)

2018-06-11 16:17:52,878  INFO MySqlOper:82 - 输入参数为id=10002,更新sql=INSERT INTO TB_YX_SMARTIPC_AREA_CITY VALUES (4397,668,668,"海外",1528730999000,1528730999000);
2018-06-11 16:17:52,883  INFO MySqlOper:88 - 查询结果为:SqlInfoBean = [id = 10002,sqlmode = mysql,sqlconninfo = jdbc:mysql://10.246.71.28:4306/yanxuan_smartipc,sqlusername = yanxuan_smartipc,sqlpassword = yanxuan_smartipc]
2018-06-11 16:18:02,024  INFO MySqlOper:82 - 输入参数为id=10002,更新sql=INSERT INTO TB_YX_SMARTIPC_AREA_CITY VALUES (668,668,"海外",1528730999000,1528730999000);
2018-06-11 16:18:02,029  INFO MySqlOper:88 - 查询结果为:SqlInfoBean = [id = 10002,sqlmode = mysql,sqlconninfo = jdbc:mysql://10.246.71.28:4306/yanxuan_smartipc,sqlusername = yanxuan_smartipc,sqlpassword = yanxuan_smartipc]
2018-06-11 16:18:02,039 ERROR PublicMethod:27 - java.sql.SQLException: Column count doesn't match value count at row 1
	at com.mysql.jdbc.SQLError.createSQLException(SQLError.java:1086)
	at com.mysql.jdbc.MysqlIO.checkErrorPacket(MysqlIO.java:4237)
	at com.mysql.jdbc.MysqlIO.checkErrorPacket(MysqlIO.java:4169)
	at com.mysql.jdbc.MysqlIO.sendCommand(MysqlIO.java:2617)
	at com.mysql.jdbc.MysqlIO.sqlQueryDirect(MysqlIO.java:2778)
	at com.mysql.jdbc.ConnectionImpl.execSQL(ConnectionImpl.java:2819)
	at com.mysql.jdbc.StatementImpl.executeUpdate(StatementImpl.java:1842)
	at com.mysql.jdbc.StatementImpl.executeUpdate(StatementImpl.java:1764)
	at com.lynhaw.g4test.service.MySqlOper.writeSqlIfo(MySqlOper.java:96)
	at com.lynhaw.g4test.controller.GetSqlInfo.updateSqlIfo(GetSqlInfo.java:49)
	at sun.reflect.NativeMethodAccessorImpl.invoke0(Native Method)
	at sun.reflect.NativeMethodAccessorImpl.invoke(NativeMethodAccessorImpl.java:62)
	at sun.reflect.DelegatingMethodAccessorImpl.invoke(DelegatingMethodAccessorImpl.java:43)
	at java.lang.reflect.Method.invoke(Method.java:498)
	at org.springframework.web.method.support.InvocableHandlerMethod.doInvoke(InvocableHandlerMethod.java:209)
	at org.springframework.web.method.support.InvocableHandlerMethod.invokeForRequest(InvocableHandlerMethod.java:136)
	at org.springframework.web.servlet.mvc.method.annotation.ServletInvocableHandlerMethod.invokeAndHandle(ServletInvocableHandlerMethod.java:102)
	at org.springframework.web.servlet.mvc.method.annotation.RequestMappingHandlerAdapter.invokeHandlerMethod(RequestMappingHandlerAdapter.java:877)
	at org.springframework.web.servlet.mvc.method.annotation.RequestMappingHandlerAdapter.handleInternal(RequestMappingHandlerAdapter.java:783)
	at org.springframework.web.servlet.mvc.method.AbstractHandlerMethodAdapter.handle(AbstractHandlerMethodAdapter.java:87)
	at org.springframework.web.servlet.DispatcherServlet.doDispatch(DispatcherServlet.java:991)
	at org.springframework.web.servlet.DispatcherServlet.doService(DispatcherServlet.java:925)
	at org.springframework.web.servlet.FrameworkServlet.processRequest(FrameworkServlet.java:974)
	at org.springframework.web.servlet.FrameworkServlet.doGet(FrameworkServlet.java:866)
	at javax.servlet.http.HttpServlet.service(HttpServlet.java:635)
	at org.springframework.web.servlet.FrameworkServlet.service(FrameworkServlet.java:851)
	at javax.servlet.http.HttpServlet.service(HttpServlet.java:742)
	at org.apache.catalina.core.ApplicationFilterChain.internalDoFilter(ApplicationFilterChain.java:231)
	at org.apache.catalina.core.ApplicationFilterChain.doFilter(ApplicationFilterChain.java:166)
	at org.apache.tomcat.websocket.server.WsFilter.doFilter(WsFilter.java:52)
	at org.apache.catalina.core.ApplicationFilterChain.internalDoFilter(ApplicationFilterChain.java:193)
	at org.apache.catalina.core.ApplicationFilterChain.doFilter(ApplicationFilterChain.java:166)
	at org.springframework.web.filter.RequestContextFilter.doFilterInternal(RequestContextFilter.java:99)
	at org.springframework.web.filter.OncePerRequestFilter.doFilter(OncePerRequestFilter.java:107)
	at org.apache.catalina.core.ApplicationFilterChain.internalDoFilter(ApplicationFilterChain.java:193)
	at org.apache.catalina.core.ApplicationFilterChain.doFilter(ApplicationFilterChain.java:166)
	at org.springframework.web.filter.HttpPutFormContentFilter.doFilterInternal(HttpPutFormContentFilter.java:109)
	at org.springframework.web.filter.OncePerRequestFilter.doFilter(OncePerRequestFilter.java:107)
	at org.apache.catalina.core.ApplicationFilterChain.internalDoFilter(ApplicationFilterChain.java:193)
	at org.apache.catalina.core.ApplicationFilterChain.doFilter(ApplicationFilterChain.java:166)
	at org.springframework.web.filter.HiddenHttpMethodFilter.doFilterInternal(HiddenHttpMethodFilter.java:81)
	at org.springframework.web.filter.OncePerRequestFilter.doFilter(OncePerRequestFilter.java:107)
	at org.apache.catalina.core.ApplicationFilterChain.internalDoFilter(ApplicationFilterChain.java:193)
	at org.apache.catalina.core.ApplicationFilterChain.doFilter(ApplicationFilterChain.java:166)
	at org.springframework.web.filter.CharacterEncodingFilter.doFilterInternal(CharacterEncodingFilter.java:200)
	at org.springframework.web.filter.OncePerRequestFilter.doFilter(OncePerRequestFilter.java:107)
	at org.apache.catalina.core.ApplicationFilterChain.internalDoFilter(ApplicationFilterChain.java:193)
	at org.apache.catalina.core.ApplicationFilterChain.doFilter(ApplicationFilterChain.java:166)
	at org.apache.catalina.core.StandardWrapperValve.invoke(StandardWrapperValve.java:198)
	at org.apache.catalina.core.StandardContextValve.invoke(StandardContextValve.java:96)
	at org.apache.catalina.authenticator.AuthenticatorBase.invoke(AuthenticatorBase.java:496)
	at org.apache.catalina.core.StandardHostValve.invoke(StandardHostValve.java:140)
	at org.apache.catalina.valves.ErrorReportValve.invoke(ErrorReportValve.java:81)
	at org.apache.catalina.core.StandardEngineValve.invoke(StandardEngineValve.java:87)
	at org.apache.catalina.connector.CoyoteAdapter.service(CoyoteAdapter.java:342)
	at org.apache.coyote.http11.Http11Processor.service(Http11Processor.java:803)
	at org.apache.coyote.AbstractProcessorLight.process(AbstractProcessorLight.java:66)
	at org.apache.coyote.AbstractProtocol$ConnectionHandler.process(AbstractProtocol.java:790)
	at org.apache.tomcat.util.net.NioEndpoint$SocketProcessor.doRun(NioEndpoint.java:1468)
	at org.apache.tomcat.util.net.SocketProcessorBase.run(SocketProcessorBase.java:49)
	at java.util.concurrent.ThreadPoolExecutor.runWorker(ThreadPoolExecutor.java:1142)
	at java.util.concurrent.ThreadPoolExecutor$Worker.run(ThreadPoolExecutor.java:617)
	at org.apache.tomcat.util.threads.TaskThread$WrappingRunnable.run(TaskThread.java:61)
	at java.lang.Thread.run(Thread.java:745)

